<?xml version="1.0" encoding="UTF-8"?>
<!-- Generated by org.testng.reporters.JUnitReportReporter -->
<testsuite hostname="DESKTOP-BH6LQCD" failures="0" tests="2" name="testCases.OrangeHRMTestCase" time="7.258" errors="0" timestamp="2024-11-07T21:37:51 IST" skipped="0">
  <testcase classname="testCases.OrangeHRMTestCase" name="LoginToHRM" time="2.817"/>
  <testcase classname="testCases.OrangeHRMTestCase" name="AddEmp" time="4.441"/>
</testsuite> <!-- testCases.OrangeHRMTestCase -->
